
demo_with_const_int
int_list size is 1
3
int_list size is 2
1 3
int_list size is 3
1 2 3
1
2
3
1:2:3:
Enter an int:Found
Enter an int:Not found
Enter an int:Not found
int_list size is 0

demo_with_int_ptr
int_ptr_list size is 3
1 2 3
Enter an int:Found
1 42 3
did you really want to do that?
Enter an int:Not found
Enter an int:Found
42 42 3
did you really want to do that?

demo_with_cstr_ptr
cp_list size is 3
s1 s2 s3
Enter a string:Not found
Enter a string:Found
Enter a string:Found
cp_list size is 0

demo_with_Things_default_comparison
thing_list size is 3
1 2 3
Enter an int:Found - will remove
thing_list size is 2
1 3
Enter an int:Not found
Enter an int:Found - will remove
thing_list size is 1
3
incremented thing_list
4
thing_list size is 0

demo_with_Things_custom_comparison
thing_list size is 0
thing_list size is 1
3
thing_list size is 2
3 1
thing_list size is 3
3 2 1
Enter an int:Not found
Enter an int:Not found
Enter an int:Found - will remove
thing_list size is 2
3 1
incremented thing_list
4 2
thing_list size is 0

test_apply_if_with_Things
thing_list size is 3
1 2 3
there is a match for Thing2
Enter an int:there is a match for the value 3
Done!
