Enter quit, or a test name and two integers, i and j:Before: 0123456789
After:  0123496789
Enter quit, or a test name and two integers, i and j:Before: 0123456789
Subscript out of range
Enter quit, or a test name and two integers, i and j:Source: 0123456789
Result: 234
Enter quit, or a test name and two integers, i and j:Source: 0123456789
Substring bounds invalid
Enter quit, or a test name and two integers, i and j:Source: 0123456789
Substring bounds invalid
Enter quit, or a test name and two integers, i and j:Before: 0123456789
After:  56789
Enter quit, or a test name and two integers, i and j:Before: 0123456789
Remove bounds invalid
Enter quit, or a test name and two integers, i and j:Excuse me, but you entered something wrong. Please try again.
In the meantime, I will clean up the place a bit.
Enter quit, or a test name and two integers, i and j:Before: 0123456789
After:  012abcabcabc3456789
Enter quit, or a test name and two integers, i and j:Before: 0123456789
Insertion point out of range
Enter quit, or a test name and two integers, i and j:Excuse me, but you entered something wrong. Please try again.
In the meantime, I will clean up the place a bit.
Enter quit, or a test name and two integers, i and j:And thank you, for trying out String's exception throwing!
